The system is: Linux - 2.6.32-642.13.1.el6.x86_64 - x86_64
Compiling the C compiler identification source file "CMakeCCompilerId.c" succeeded.
Compiler: /grid/fermiapp/products/larsoft/gcc/v4_9_3a/Linux64bit+2.6-2.12/bin/gcc 
Build flags: 
Id flags: 

The output was:
0


Compilation of the C compiler identification source "CMakeCCompilerId.c" produced "a.out"

The C compiler identification is GNU, found in "/uboone/app/users/chill2/gallery_tutorial/gallery-framework/UserDev/UBXSec/CMakeFiles/CompilerIdC/a.out"

Compiling the CXX compiler identification source file "CMakeCXXCompilerId.cpp" succeeded.
Compiler: /grid/fermiapp/products/larsoft/gcc/v4_9_3a/Linux64bit+2.6-2.12/bin/c++ 
Build flags: 
Id flags: 

The output was:
0
CMakeCXXCompilerId.cpp:67:58: warning: deprecated conversion from string constant to ‘char*’ [-Wwrite-strings]
 char* info_compiler = "INFO" ":" "compiler[" COMPILER_ID "]";
                                                          ^
CMakeCXXCompilerId.cpp:157:58: warning: deprecated conversion from string constant to ‘char*’ [-Wwrite-strings]
 char* info_platform = "INFO" ":" "platform[" PLATFORM_ID "]";
                                                          ^


Compilation of the CXX compiler identification source "CMakeCXXCompilerId.cpp" produced "a.out"

The CXX compiler identification is GNU, found in "/uboone/app/users/chill2/gallery_tutorial/gallery-framework/UserDev/UBXSec/CMakeFiles/CompilerIdCXX/a.out"

Determining if the C compiler works passed with the following output:
Change Dir: /uboone/app/users/chill2/gallery_tutorial/gallery-framework/UserDev/UBXSec/CMakeFiles/CMakeTmp

Run Build Command:/usr/bin/gmake "cmTryCompileExec/fast"
/usr/bin/gmake -f CMakeFiles/cmTryCompileExec.dir/build.make CMakeFiles/cmTryCompileExec.dir/build
gmake[1]: Entering directory `/uboone/app/users/chill2/gallery_tutorial/gallery-framework/UserDev/UBXSec/CMakeFiles/CMakeTmp'
/usr/bin/cmake -E cmake_progress_report /uboone/app/users/chill2/gallery_tutorial/gallery-framework/UserDev/UBXSec/CMakeFiles/CMakeTmp/CMakeFiles 1
Building C object CMakeFiles/cmTryCompileExec.dir/testCCompiler.c.o
/grid/fermiapp/products/larsoft/gcc/v4_9_3a/Linux64bit+2.6-2.12/bin/gcc    -o CMakeFiles/cmTryCompileExec.dir/testCCompiler.c.o   -c /uboone/app/users/chill2/gallery_tutorial/gallery-framework/UserDev/UBXSec/CMakeFiles/CMakeTmp/testCCompiler.c
Linking C executable cmTryCompileExec
/usr/bin/cmake -E cmake_link_script CMakeFiles/cmTryCompileExec.dir/link.txt --verbose=1
/grid/fermiapp/products/larsoft/gcc/v4_9_3a/Linux64bit+2.6-2.12/bin/gcc       -fPIC CMakeFiles/cmTryCompileExec.dir/testCCompiler.c.o  -o cmTryCompileExec -rdynamic 
gmake[1]: Leaving directory `/uboone/app/users/chill2/gallery_tutorial/gallery-framework/UserDev/UBXSec/CMakeFiles/CMakeTmp'


Detecting C compiler ABI info compiled with the following output:
Change Dir: /uboone/app/users/chill2/gallery_tutorial/gallery-framework/UserDev/UBXSec/CMakeFiles/CMakeTmp

Run Build Command:/usr/bin/gmake "cmTryCompileExec/fast"
/usr/bin/gmake -f CMakeFiles/cmTryCompileExec.dir/build.make CMakeFiles/cmTryCompileExec.dir/build
gmake[1]: Entering directory `/uboone/app/users/chill2/gallery_tutorial/gallery-framework/UserDev/UBXSec/CMakeFiles/CMakeTmp'
/usr/bin/cmake -E cmake_progress_report /uboone/app/users/chill2/gallery_tutorial/gallery-framework/UserDev/UBXSec/CMakeFiles/CMakeTmp/CMakeFiles 1
Building C object CMakeFiles/cmTryCompileExec.dir/CMakeCCompilerABI.c.o
/grid/fermiapp/products/larsoft/gcc/v4_9_3a/Linux64bit+2.6-2.12/bin/gcc    -o CMakeFiles/cmTryCompileExec.dir/CMakeCCompilerABI.c.o   -c /usr/share/cmake/Modules/CMakeCCompilerABI.c
Linking C executable cmTryCompileExec
/usr/bin/cmake -E cmake_link_script CMakeFiles/cmTryCompileExec.dir/link.txt --verbose=1
/grid/fermiapp/products/larsoft/gcc/v4_9_3a/Linux64bit+2.6-2.12/bin/gcc       -fPIC CMakeFiles/cmTryCompileExec.dir/CMakeCCompilerABI.c.o  -o cmTryCompileExec -rdynamic 
gmake[1]: Leaving directory `/uboone/app/users/chill2/gallery_tutorial/gallery-framework/UserDev/UBXSec/CMakeFiles/CMakeTmp'


Determining if the CXX compiler works passed with the following output:
Change Dir: /uboone/app/users/chill2/gallery_tutorial/gallery-framework/UserDev/UBXSec/CMakeFiles/CMakeTmp

Run Build Command:/usr/bin/gmake "cmTryCompileExec/fast"
/usr/bin/gmake -f CMakeFiles/cmTryCompileExec.dir/build.make CMakeFiles/cmTryCompileExec.dir/build
gmake[1]: Entering directory `/uboone/app/users/chill2/gallery_tutorial/gallery-framework/UserDev/UBXSec/CMakeFiles/CMakeTmp'
/usr/bin/cmake -E cmake_progress_report /uboone/app/users/chill2/gallery_tutorial/gallery-framework/UserDev/UBXSec/CMakeFiles/CMakeTmp/CMakeFiles 1
Building CXX object CMakeFiles/cmTryCompileExec.dir/testCXXCompiler.cxx.o
/grid/fermiapp/products/larsoft/gcc/v4_9_3a/Linux64bit+2.6-2.12/bin/c++     -o CMakeFiles/cmTryCompileExec.dir/testCXXCompiler.cxx.o -c /uboone/app/users/chill2/gallery_tutorial/gallery-framework/UserDev/UBXSec/CMakeFiles/CMakeTmp/testCXXCompiler.cxx
Linking CXX executable cmTryCompileExec
/usr/bin/cmake -E cmake_link_script CMakeFiles/cmTryCompileExec.dir/link.txt --verbose=1
/grid/fermiapp/products/larsoft/gcc/v4_9_3a/Linux64bit+2.6-2.12/bin/c++        -fPIC CMakeFiles/cmTryCompileExec.dir/testCXXCompiler.cxx.o  -o cmTryCompileExec -rdynamic 
gmake[1]: Leaving directory `/uboone/app/users/chill2/gallery_tutorial/gallery-framework/UserDev/UBXSec/CMakeFiles/CMakeTmp'


Detecting CXX compiler ABI info compiled with the following output:
Change Dir: /uboone/app/users/chill2/gallery_tutorial/gallery-framework/UserDev/UBXSec/CMakeFiles/CMakeTmp

Run Build Command:/usr/bin/gmake "cmTryCompileExec/fast"
/usr/bin/gmake -f CMakeFiles/cmTryCompileExec.dir/build.make CMakeFiles/cmTryCompileExec.dir/build
gmake[1]: Entering directory `/uboone/app/users/chill2/gallery_tutorial/gallery-framework/UserDev/UBXSec/CMakeFiles/CMakeTmp'
/usr/bin/cmake -E cmake_progress_report /uboone/app/users/chill2/gallery_tutorial/gallery-framework/UserDev/UBXSec/CMakeFiles/CMakeTmp/CMakeFiles 1
Building CXX object CMakeFiles/cmTryCompileExec.dir/CMakeCXXCompilerABI.cpp.o
/grid/fermiapp/products/larsoft/gcc/v4_9_3a/Linux64bit+2.6-2.12/bin/c++     -o CMakeFiles/cmTryCompileExec.dir/CMakeCXXCompilerABI.cpp.o -c /usr/share/cmake/Modules/CMakeCXXCompilerABI.cpp
Linking CXX executable cmTryCompileExec
/usr/bin/cmake -E cmake_link_script CMakeFiles/cmTryCompileExec.dir/link.txt --verbose=1
/grid/fermiapp/products/larsoft/gcc/v4_9_3a/Linux64bit+2.6-2.12/bin/c++        -fPIC CMakeFiles/cmTryCompileExec.dir/CMakeCXXCompilerABI.cpp.o  -o cmTryCompileExec -rdynamic 
gmake[1]: Leaving directory `/uboone/app/users/chill2/gallery_tutorial/gallery-framework/UserDev/UBXSec/CMakeFiles/CMakeTmp'


